2025-05-04 13:28:03,038 INFO: Application startup [in C:\Users\USER\Documents\Document_Compliance_System\app.py:42]
2025-05-04 13:28:12,192 INFO: Application startup [in C:\Users\USER\Documents\Document_Compliance_System\app.py:42]
2025-05-04 13:28:36,941 WARNING: Favicon not found: /favicon.ico [in C:\Users\USER\Documents\Document_Compliance_System\app.py:382]
2025-05-04 13:28:57,120 WARNING: Favicon not found: /favicon.ico [in C:\Users\USER\Documents\Document_Compliance_System\app.py:382]
2025-05-04 13:29:10,965 WARNING: Favicon not found: /favicon.ico [in C:\Users\USER\Documents\Document_Compliance_System\app.py:382]
2025-05-04 13:29:13,242 WARNING: Favicon not found: /favicon.ico [in C:\Users\USER\Documents\Document_Compliance_System\app.py:382]
2025-05-04 13:29:15,097 WARNING: Favicon not found: /favicon.ico [in C:\Users\USER\Documents\Document_Compliance_System\app.py:382]
2025-05-04 13:29:19,607 WARNING: Favicon not found: /favicon.ico [in C:\Users\USER\Documents\Document_Compliance_System\app.py:382]
2025-05-04 13:31:08,324 WARNING: Favicon not found: /favicon.ico [in C:\Users\USER\Documents\Document_Compliance_System\app.py:382]
2025-05-04 13:31:15,352 WARNING: Favicon not found: /favicon.ico [in C:\Users\USER\Documents\Document_Compliance_System\app.py:382]
2025-05-04 17:07:33,809 INFO: Application startup [in C:\Users\USER\Documents\Document_Compliance_System\app.py:42]
2025-05-04 17:07:51,564 INFO: Application startup [in C:\Users\USER\Documents\Document_Compliance_System\app.py:42]
2025-05-04 17:07:53,554 WARNING: Favicon not found: /favicon.ico [in C:\Users\USER\Documents\Document_Compliance_System\app.py:382]
2025-05-04 17:10:09,206 WARNING: Favicon not found: /favicon.ico [in C:\Users\USER\Documents\Document_Compliance_System\app.py:382]
2025-05-04 17:13:58,583 WARNING: Favicon not found: /favicon.ico [in C:\Users\USER\Documents\Document_Compliance_System\app.py:382]
2025-05-04 17:14:05,077 WARNING: Favicon not found: /favicon.ico [in C:\Users\USER\Documents\Document_Compliance_System\app.py:382]
2025-05-04 17:17:28,921 WARNING: Favicon not found: /favicon.ico [in C:\Users\USER\Documents\Document_Compliance_System\app.py:382]
2025-05-04 17:20:43,096 WARNING: Favicon not found: /favicon.ico [in C:\Users\USER\Documents\Document_Compliance_System\app.py:382]
2025-05-04 17:20:45,670 INFO: Attempting to delete template at path: uploads\Letter-Document-Template.docx [in C:\Users\USER\Documents\Document_Compliance_System\app.py:336]
2025-05-04 17:20:45,812 WARNING: Favicon not found: /favicon.ico [in C:\Users\USER\Documents\Document_Compliance_System\app.py:382]
2025-05-04 17:20:46,480 INFO: Attempting to delete template at path: uploads\Conceptual_FrameworkV3.docx [in C:\Users\USER\Documents\Document_Compliance_System\app.py:336]
2025-05-04 17:20:46,609 WARNING: Favicon not found: /favicon.ico [in C:\Users\USER\Documents\Document_Compliance_System\app.py:382]
2025-05-04 17:20:47,509 INFO: Attempting to delete template at path: uploads\Quantum_Machine_Learning_Advancing_ICT_for_Sustainable_Development.docx [in C:\Users\USER\Documents\Document_Compliance_System\app.py:336]
2025-05-04 17:20:47,626 WARNING: Favicon not found: /favicon.ico [in C:\Users\USER\Documents\Document_Compliance_System\app.py:382]
2025-05-04 17:20:48,180 INFO: Attempting to delete template at path: uploads\Development_of_a_Finance_management_System_project_proposal.docx [in C:\Users\USER\Documents\Document_Compliance_System\app.py:336]
2025-05-04 17:20:48,327 WARNING: Favicon not found: /favicon.ico [in C:\Users\USER\Documents\Document_Compliance_System\app.py:382]
2025-05-04 17:20:48,897 INFO: Attempting to delete template at path: uploads\Literature_Review_.docx [in C:\Users\USER\Documents\Document_Compliance_System\app.py:336]
2025-05-04 17:20:49,036 WARNING: Favicon not found: /favicon.ico [in C:\Users\USER\Documents\Document_Compliance_System\app.py:382]
2025-05-04 17:20:49,933 INFO: Attempting to delete template at path: uploads\cloud_computing_summarry_.docx [in C:\Users\USER\Documents\Document_Compliance_System\app.py:336]
2025-05-04 17:20:50,057 WARNING: Favicon not found: /favicon.ico [in C:\Users\USER\Documents\Document_Compliance_System\app.py:382]
2025-05-04 17:20:50,882 INFO: Attempting to delete template at path: uploads\Guidelines_for_Reports.docx [in C:\Users\USER\Documents\Document_Compliance_System\app.py:336]
2025-05-04 17:20:50,993 WARNING: Favicon not found: /favicon.ico [in C:\Users\USER\Documents\Document_Compliance_System\app.py:382]
2025-05-04 17:22:20,442 WARNING: Favicon not found: /favicon.ico [in C:\Users\USER\Documents\Document_Compliance_System\app.py:382]
2025-05-04 17:22:52,935 INFO: Saving template path: uploads\Letter-Document-Template.docx [in C:\Users\USER\Documents\Document_Compliance_System\app.py:114]
2025-05-04 17:23:01,297 WARNING: Favicon not found: /favicon.ico [in C:\Users\USER\Documents\Document_Compliance_System\app.py:382]
2025-05-04 17:23:03,600 WARNING: Favicon not found: /favicon.ico [in C:\Users\USER\Documents\Document_Compliance_System\app.py:382]
2025-05-04 17:23:10,699 WARNING: Favicon not found: /favicon.ico [in C:\Users\USER\Documents\Document_Compliance_System\app.py:382]
2025-05-04 17:23:12,328 WARNING: Favicon not found: /favicon.ico [in C:\Users\USER\Documents\Document_Compliance_System\app.py:382]
2025-05-04 17:23:21,177 WARNING: Favicon not found: /favicon.ico [in C:\Users\USER\Documents\Document_Compliance_System\app.py:382]
2025-05-04 17:23:41,262 INFO: Saving template path: uploads\Letter-Document-Template.docx [in C:\Users\USER\Documents\Document_Compliance_System\app.py:114]
2025-05-04 17:23:47,730 WARNING: Favicon not found: /favicon.ico [in C:\Users\USER\Documents\Document_Compliance_System\app.py:382]
2025-05-04 17:26:32,948 WARNING: Favicon not found: /favicon.ico [in C:\Users\USER\Documents\Document_Compliance_System\app.py:382]
2025-05-04 17:26:43,622 WARNING: Favicon not found: /favicon.ico [in C:\Users\USER\Documents\Document_Compliance_System\app.py:382]
2025-05-04 17:26:48,663 WARNING: Favicon not found: /favicon.ico [in C:\Users\USER\Documents\Document_Compliance_System\app.py:382]
2025-05-05 12:11:45,995 INFO: Application startup [in C:\Users\USER\Documents\Document_Compliance_System\app.py:42]
2025-05-05 12:11:57,258 INFO: Application startup [in C:\Users\USER\Documents\Document_Compliance_System\app.py:42]
